system: boot ok
system: note=logs are messy; tags matter
system: worker=0 status=running uptime=1000
system: worker=1 status=running uptime=1037
system: worker=2 status=running uptime=1074
system: worker=3 status=running uptime=1111
system: worker=4 status=running uptime=1148
system: worker=0 status=running uptime=1185
system: worker=1 status=running uptime=1222
system: worker=2 status=running uptime=1259
system: worker=3 status=running uptime=1296
system: worker=4 status=running uptime=1333
system: worker=0 status=running uptime=1370
system: worker=1 status=running uptime=1407
system: worker=2 status=running uptime=1444
system: worker=3 status=running uptime=1481
system: worker=4 status=running uptime=1518
system: worker=0 status=running uptime=1555
system: worker=1 status=running uptime=1592
system: worker=2 status=running uptime=1629
system: worker=3 status=running uptime=1666
system: worker=4 status=running uptime=1703
system: worker=0 status=running uptime=1740
system: worker=1 status=running uptime=1777
system: worker=2 status=running uptime=1814
system: worker=3 status=running uptime=1851
system: worker=4 status=running uptime=1888
system: worker=0 status=running uptime=1925
system: worker=1 status=running uptime=1962
system: worker=2 status=running uptime=1999
system: worker=3 status=running uptime=2036
system: worker=4 status=running uptime=2073
{"ts":1700000100,"subsys":"io","lvl":"INFO","event":"cache","slot":2,"frag":"ZmFrZQ=="}
{"ts":1700000123,"subsys":"zen","lvl":"WARN","event":"telemetry_rollup","slot":2,"k":"2f","fragx":"55771d435a771d"}
{"ts":1700000124,"subsys":"zen","lvl":"WARN","event":"telemetry_rollup","slot":3,"k":"36","fragx":"414164054650"}
{"ts":1700000125,"subsys":"zen","lvl":"WARN","event":"telemetry_rollup","slot":1,"k":"28","fragx":"7b7e1147657d79"}
{"ts":1700000190,"subsys":"aux","lvl":"DEBUG","event":"diag","slot":91,"crumb":"s0","hex":"7e07021c0a0e262c242b3ecad2a5dde3ecf6f588f4fbe498d5ded8"}
{"ts":1700000191,"subsys":"aux","lvl":"DEBUG","event":"diag","slot":93,"crumb":"s3","hex":"5e373fc4b8b8d0a4e098f3ff83f1fce0e4dba9b2bccd303e255e"}
system: spam=0000 code=0x0000 msg=ok
system: spam=0001 code=0x0017 msg=ok
system: spam=0002 code=0x002e msg=ok
system: spam=0003 code=0x0045 msg=ok
system: spam=0004 code=0x005c msg=ok
system: spam=0005 code=0x0073 msg=ok
system: spam=0006 code=0x008a msg=ok
system: spam=0007 code=0x00a1 msg=ok
system: spam=0008 code=0x00b8 msg=ok
system: spam=0009 code=0x00cf msg=ok
system: spam=0010 code=0x00e6 msg=ok
system: spam=0011 code=0x00fd msg=ok
system: spam=0012 code=0x0114 msg=ok
system: spam=0013 code=0x012b msg=ok
system: spam=0014 code=0x0142 msg=ok
system: spam=0015 code=0x0159 msg=ok
system: spam=0016 code=0x0170 msg=ok
system: spam=0017 code=0x0187 msg=ok
system: spam=0018 code=0x019e msg=ok
system: spam=0019 code=0x01b5 msg=ok
system: spam=0020 code=0x01cc msg=ok
system: spam=0021 code=0x01e3 msg=ok
system: spam=0022 code=0x01fa msg=ok
system: spam=0023 code=0x0211 msg=ok
system: spam=0024 code=0x0228 msg=ok
system: spam=0025 code=0x023f msg=ok
system: spam=0026 code=0x0256 msg=ok
system: spam=0027 code=0x026d msg=ok
system: spam=0028 code=0x0284 msg=ok
system: spam=0029 code=0x029b msg=ok
system: spam=0030 code=0x02b2 msg=ok
system: spam=0031 code=0x02c9 msg=ok
system: spam=0032 code=0x02e0 msg=ok
system: spam=0033 code=0x02f7 msg=ok
system: spam=0034 code=0x030e msg=ok
system: spam=0035 code=0x0325 msg=ok
system: spam=0036 code=0x033c msg=ok
system: spam=0037 code=0x0353 msg=ok
system: spam=0038 code=0x036a msg=ok
system: spam=0039 code=0x0381 msg=ok
system: spam=0040 code=0x0398 msg=ok
system: spam=0041 code=0x03af msg=ok
system: spam=0042 code=0x03c6 msg=ok
system: spam=0043 code=0x03dd msg=ok
system: spam=0044 code=0x03f4 msg=ok
system: spam=0045 code=0x040b msg=ok
system: spam=0046 code=0x0422 msg=ok
system: spam=0047 code=0x0439 msg=ok
system: spam=0048 code=0x0450 msg=ok
system: spam=0049 code=0x0467 msg=ok
system: spam=0050 code=0x047e msg=ok
system: spam=0051 code=0x0495 msg=ok
system: spam=0052 code=0x04ac msg=ok
system: spam=0053 code=0x04c3 msg=ok
system: spam=0054 code=0x04da msg=ok
system: spam=0055 code=0x04f1 msg=ok
system: spam=0056 code=0x0508 msg=ok
system: spam=0057 code=0x051f msg=ok
system: spam=0058 code=0x0536 msg=ok
system: spam=0059 code=0x054d msg=ok
