0x81
0x75
0x0
0x80
0x0
0x80
0xa
0x80
0x3f
0x80
0x65
0x80
0x76
0x80
0x69
0x80
0x6c
0x80
0x61
0x80
0x20
0x80
0x74
0x80
0x75
0x80
0x6f
0x80
0x20
0x80
0x74
0x80
0x69
0x80
0x20
0x80
0x65
0x80
0x6b
0x80
0x61
0x80
0x6d
0x80
0x20
0x80
0x75
0x80
0x6f
0x80
0x79
0x80
0x20
0x80
0x6e
0x80
0x61
0x80
0x43
0x80
0xa
0x80
0x58
0x80
0x20
0x80
0x49
0x80
0x20
0x80
0x52
0x80
0x20
0x80
0x54
0x80
0x20
0x80
0x41
0x80
0x20
0x80
0x4d
0x80
0x20
0x80
0x65
0x80
0x68
0x80
0x74
0x80
0x20
0x80
0x6f
0x80
0x74
0x80
0x20
0x80
0x65
0x80
0x6d
0x80
0x6f
0x80
0x63
0x80
0x6c
0x80
0x65
0x80
0x57
0x81
0x3b
0x1
0x30
0x80
0x1
0x80
0x1
0x80
0x0
0xc0
0x10
0x80
0x75
0x13
0x81
0xa0
0x0
0x31
0x10
0x80
0x64
0x13
0x81
0xaa
0x0
0x31
0x10
0x80
0x6c
0x13
0x81
0xb4
0x0
0x31
0x10
0x80
0x72
0x13
0x81
0xc0
0x0
0x31
0x81
0xfb
0x0
0x30
0x11
0x20
0x80
0x1
0x13
0x21
0x81
0xcc
0x0
0x30
0x11
0x20
0x80
0x1
0x12
0x21
0x81
0xcc
0x0
0x30
0x11
0x20
0x20
0x80
0x1
0x13
0x21
0x21
0x81
0xcc
0x0
0x30
0x11
0x20
0x20
0x80
0x1
0x12
0x21
0x21
0x81
0xcc
0x0
0x30
0x20
0x20
0x81
0xda
0x0
0x21
0x10
0x20
0x80
0x10
0x81
0x47
0x1
0x30
0x14
0x10
0x20
0x12
0x21
0x14
0x21
0x14
0x21
0x14
0x20
0x81
0xef
0x0
0x21
0x80
0x2
0x81
0x61
0x1
0x30
0x81
0x7b
0x0
0x14
0x81
0x74
0x1
0x12
0x30
0x80
0x0
0x1
0x81
0x38
0x1
0x80
0x0
0x80
0xa
0x80
0x2e
0x80
0x65
0x80
0x75
0x80
0x72
0x80
0x67
0x80
0x20
0x80
0x61
0x80
0x20
0x80
0x79
0x80
0x62
0x80
0x20
0x80
0x6e
0x80
0x65
0x80
0x74
0x80
0x61
0x80
0x65
0x80
0x20
0x80
0x65
0x80
0x72
0x80
0x65
0x80
0x77
0x80
0x20
0x80
0x75
0x80
0x6f
0x80
0x59
0x81
0x3b
0x1
0x30
0x80
0x1
0x1
0x10
0x81
0x45
0x1
0x31
0xc1
0x81
0x3b
0x1
0x30
0x11
0x30
0x80
0x0
0x20
0x20
0x10
0x81
0x5b
0x1
0x31
0x80
0x1
0x13
0x21
0x10
0x21
0x12
0x81
0x49
0x1
0x30
0x11
0x21
0x11
0x21
0x14
0x30
0x10
0x81
0x71
0x1
0x31
0x80
0x1
0x13
0x20
0x10
0x12
0x21
0x81
0x61
0x1
0x30
0x11
0x14
0x30
0x81
0xfb
0x0
0x30
0x81
0xfb
0x0
0x30
0x81
0xfb
0x0
0x30
0x81
0xfb
0x0
0x30
0x81
0xfb
0x0
0x30
0x81
0xfb
0x0
0x30
0x81
0xfb
0x0
0x30
0x81
0xfb
0x0
0x30
0x81
0xfb
0x0
0x30
0x81
0xfb
0x0
0x30
0x81
0xfb
0x0
0x30
0x81
0xfb
0x0
0x30
0x81
0xfb
0x0
0x30
0x81
0xfb
0x0
0x30
0x81
0xfb
0x0
0x30
0x81
0xfb
0x0
0x30
0x81
0xfb
0x0
0x30
0x30
0x0
0x0
0x0
0x30
0x0
0x0
0x0
0x30
0x0
0x0
0x0
0x30
0x0
0x0
0x0
0x30
0x0
0x0
0x0
0x81
0x7f
0x5
0x30
0x81
0xfb
0x0
0x30
0x30
0x0
0x0
0x0
0x81
0xfb
0x0
0x30
0x81
0x7f
0x5
0x30
0x30
0x0
0x0
0x0
0x30
0x0
0x0
0x0
0x81
0xfb
0x0
0x30
0x30
0x0
0x0
0x0
0x81
0xfb
0x0
0x30
0x81
0xfb
0x0
0x30
0x81
0xfb
0x0
0x30
0x81
0xfb
0x0
0x30
0x81
0xfb
0x0
0x30
0x81
0x74
0x5
0x30
0x81
0xfb
0x0
0x30
0x81
0xfb
0x0
0x30
0x81
0xfb
0x0
0x30
0x30
0x0
0x0
0x0
0x81
0xfb
0x0
0x30
0x81
0xfb
0x0
0x30
0x81
0xfb
0x0
0x30
0x30
0x0
0x0
0x0
0x81
0xfb
0x0
0x30
0x30
0x0
0x0
0x0
0x81
0xfb
0x0
0x30
0x81
0xfb
0x0
0x30
0x30
0x0
0x0
0x0
0x30
0x0
0x0
0x0
0x30
0x0
0x0
0x0
0x30
0x0
0x0
0x0
0x30
0x0
0x0
0x0
0x30
0x0
0x0
0x0
0x30
0x0
0x0
0x0
0x30
0x0
0x0
0x0
0x30
0x0
0x0
0x0
0x30
0x0
0x0
0x0
0x81
0xfb
0x0
0x30
0x30
0x0
0x0
0x0
0x81
0xfb
0x0
0x30
0x30
0x0
0x0
0x0
0x81
0xfb
0x0
0x30
0x81
0xfb
0x0
0x30
0x81
0xfb
0x0
0x30
0x30
0x0
0x0
0x0
0x81
0xfb
0x0
0x30
0x30
0x0
0x0
0x0
0x81
0xfb
0x0
0x30
0x81
0xfb
0x0
0x30
0x81
0xfb
0x0
0x30
0x81
0xfb
0x0
0x30
0x81
0xfb
0x0
0x30
0x30
0x0
0x0
0x0
0x81
0xfb
0x0
0x30
0x30
0x0
0x0
0x0
0x81
0x74
0x5
0x30
0x30
0x0
0x0
0x0
0x81
0xfb
0x0
0x30
0x81
0xfb
0x0
0x30
0x30
0x0
0x0
0x0
0x30
0x0
0x0
0x0
0x81
0xfb
0x0
0x30
0x30
0x0
0x0
0x0
0x81
0xfb
0x0
0x30
0x81
0x7f
0x5
0x30
0x30
0x0
0x0
0x0
0x30
0x0
0x0
0x0
0x81
0xfb
0x0
0x30
0x30
0x0
0x0
0x0
0x81
0xfb
0x0
0x30
0x30
0x0
0x0
0x0
0x81
0xfb
0x0
0x30
0x30
0x0
0x0
0x0
0x81
0xfb
0x0
0x30
0x81
0xfb
0x0
0x30
0x30
0x0
0x0
0x0
0x81
0xfb
0x0
0x30
0x81
0xfb
0x0
0x30
0x30
0x0
0x0
0x0
0x81
0xfb
0x0
0x30
0x81
0xfb
0x0
0x30
0x81
0xfb
0x0
0x30
0x30
0x0
0x0
0x0
0x81
0xfb
0x0
0x30
0x30
0x0
0x0
0x0
0x81
0xfb
0x0
0x30
0x30
0x0
0x0
0x0
0x81
0xfb
0x0
0x30
0x30
0x0
0x0
0x0
0x81
0xfb
0x0
0x30
0x81
0xfb
0x0
0x30
0x30
0x0
0x0
0x0
0x81
0xfb
0x0
0x30
0x30
0x0
0x0
0x0
0x30
0x0
0x0
0x0
0x30
0x0
0x0
0x0
0x30
0x0
0x0
0x0
0x30
0x0
0x0
0x0
0x30
0x0
0x0
0x0
0x81
0xfb
0x0
0x30
0x30
0x0
0x0
0x0
0x81
0xfb
0x0
0x30
0x30
0x0
0x0
0x0
0x81
0xfb
0x0
0x30
0x30
0x0
0x0
0x0
0x81
0xfb
0x0
0x30
0x81
0xfb
0x0
0x30
0x30
0x0
0x0
0x0
0x81
0xfb
0x0
0x30
0x30
0x0
0x0
0x0
0x81
0xfb
0x0
0x30
0x81
0xfb
0x0
0x30
0x81
0xfb
0x0
0x30
0x81
0xfb
0x0
0x30
0x81
0xfb
0x0
0x30
0x81
0xfb
0x0
0x30
0x30
0x0
0x0
0x0
0x81
0xfb
0x0
0x30
0x30
0x0
0x0
0x0
0x81
0xfb
0x0
0x30
0x30
0x0
0x0
0x0
0x81
0xfb
0x0
0x30
0x81
0xfb
0x0
0x30
0x30
0x0
0x0
0x0
0x81
0xfb
0x0
0x30
0x30
0x0
0x0
0x0
0x30
0x0
0x0
0x0
0x30
0x0
0x0
0x0
0x30
0x0
0x0
0x0
0x30
0x0
0x0
0x0
0x30
0x0
0x0
0x0
0x30
0x0
0x0
0x0
0x30
0x0
0x0
0x0
0x81
0xfb
0x0
0x30
0x30
0x0
0x0
0x0
0x81
0xfb
0x0
0x30
0x30
0x0
0x0
0x0
0x81
0xfb
0x0
0x30
0x81
0xfb
0x0
0x30
0x30
0x0
0x0
0x0
0x81
0xfb
0x0
0x30
0x81
0xfb
0x0
0x30
0x81
0xfb
0x0
0x30
0x30
0x0
0x0
0x0
0x81
0xfb
0x0
0x30
0x81
0xfb
0x0
0x30
0x81
0xfb
0x0
0x30
0x81
0xfb
0x0
0x30
0x81
0xfb
0x0
0x30
0x81
0xfb
0x0
0x30
0x30
0x0
0x0
0x0
0x81
0xfb
0x0
0x30
0x30
0x0
0x0
0x0
0x81
0xfb
0x0
0x30
0x81
0xfb
0x0
0x30
0x30
0x0
0x0
0x0
0x30
0x0
0x0
0x0
0x30
0x0
0x0
0x0
0x81
0xfb
0x0
0x30
0x30
0x0
0x0
0x0
0x30
0x0
0x0
0x0
0x81
0x74
0x5
0x30
0x30
0x0
0x0
0x0
0x30
0x0
0x0
0x0
0x81
0xfb
0x0
0x30
0x30
0x0
0x0
0x0
0x30
0x0
0x0
0x0
0x81
0xfb
0x0
0x30
0x30
0x0
0x0
0x0
0x81
0xfb
0x0
0x30
0x81
0xfb
0x0
0x30
0x30
0x0
0x0
0x0
0x81
0xfb
0x0
0x30
0x81
0xfb
0x0
0x30
0x81
0xfb
0x0
0x30
0x30
0x0
0x0
0x0
0x30
0x0
0x0
0x0
0x81
0xfb
0x0
0x30
0x30
0x0
0x0
0x0
0x30
0x0
0x0
0x0
0x81
0xfb
0x0
0x30
0x30
0x0
0x0
0x0
0x81
0xfb
0x0
0x30
0x30
0x0
0x0
0x0
0x30
0x0
0x0
0x0
0x81
0xfb
0x0
0x30
0x81
0xfb
0x0
0x30
0x30
0x0
0x0
0x0
0x81
0xfb
0x0
0x30
0x30
0x0
0x0
0x0
0x30
0x0
0x0
0x0
0x30
0x0
0x0
0x0
0x81
0xfb
0x0
0x30
0x81
0xfb
0x0
0x30
0x81
0xfb
0x0
0x30
0x30
0x0
0x0
0x0
0x81
0xfb
0x0
0x30
0x30
0x0
0x0
0x0
0x81
0xfb
0x0
0x30
0x81
0x74
0x5
0x30
0x81
0xfb
0x0
0x30
0x81
0xfb
0x0
0x30
0x81
0xfb
0x0
0x30
0x30
0x0
0x0
0x0
0x81
0xfb
0x0
0x30
0x30
0x0
0x0
0x0
0x30
0x0
0x0
0x0
0x30
0x0
0x0
0x0
0x30
0x0
0x0
0x0
0x81
0xfb
0x0
0x30
0x30
0x0
0x0
0x0
0x30
0x0
0x0
0x0
0x81
0x74
0x5
0x30
0x30
0x0
0x0
0x0
0x81
0xfb
0x0
0x30
0x30
0x0
0x0
0x0
0x30
0x0
0x0
0x0
0x81
0xfb
0x0
0x30
0x81
0xfb
0x0
0x30
0x81
0xfb
0x0
0x30
0x81
0xfb
0x0
0x30
0x81
0xfb
0x0
0x30
0x81
0xfb
0x0
0x30
0x81
0xfb
0x0
0x30
0x81
0xfb
0x0
0x30
0x81
0xfb
0x0
0x30
0x81
0xfb
0x0
0x30
0x81
0xfb
0x0
0x30
0x81
0xfb
0x0
0x30
0x81
0xfb
0x0
0x30
0x81
0xfb
0x0
0x30
0x81
0xfb
0x0
0x30
0x81
0x85
0x5
0x30
0x81
0xfb
0x0
0x30
0x20
0x10
0x81
0xfb
0x0
0x31
0x80
0x1
0x13
0x21
0x30
0x20
0x80
0x1
0x12
0x21
0x30
0x11
0x11
0x11
0x11
0x81
0xce
0x5
0x80
0x0
0x80
0xa
0x80
0x21
0x80
0x74
0x80
0x69
0x80
0x20
0x80
0x65
0x80
0x64
0x80
0x61
0x80
0x6d
0x80
0x20
0x80
0x75
0x80
0x6f
0x80
0x79
0x80
0x20
0x80
0x2c
0x80
0x73
0x80
0x6e
0x80
0x6f
0x80
0x69
0x80
0x74
0x80
0x61
0x80
0x6c
0x80
0x75
0x80
0x74
0x80
0x61
0x80
0x72
0x80
0x67
0x80
0x6e
0x80
0x6f
0x80
0x43
0x81
0x3b
0x1
0x30
0x81
0xf8
0x0
0x30